<?xml version="1.0" encoding="UTF-8"?>
<!-- Generated by org.testng.reporters.JUnitXMLReporter -->
<testsuite ignored="4" hostname="LT-GZHXL63" failures="0" tests="13" name="Aspire Challenge Tests" time="26.77" errors="0" timestamp="2022-04-25T10:24:29 IST">
  <testcase classname="tests.TC_01_Login" name="performLogin" time="2.205"/>
  <testcase classname="tests.TC_01_Login" name="verifyLogin" time="10.072"/>
  <testcase classname="tests.TC_02_Product" name="navigateToInventory" time="0.045"/>
  <testcase classname="tests.TC_02_Product" name="navigateToProduct" time="1.475"/>
  <testcase classname="tests.TC_02_Product" name="clickCreate" time="3.084"/>
  <testcase classname="tests.TC_02_Product" name="createProduct" time="1.332"/>
  <testcase classname="tests.TC_02_Product" name="updateQuantity" time="1.644"/>
  <testcase classname="tests.TC_03_Manufacturing" name="navigateToManufacturing" time="0.08"/>
  <testcase classname="tests.TC_03_Manufacturing" name="clickCreate" time="1.737"/>
  <testcase classname="tests.TC_03_Manufacturing" name="createManufacturingOrder" time="2.144"/>
  <testcase classname="tests.TC_03_Manufacturing" name="markOrderAsDone" time="1.877"/>
  <testcase classname="tests.TC_03_Manufacturing" name="verifyDoneStatus" time="1.014"/>
  <testcase classname="tests.TC_03_Manufacturing" name="verifyCreatedOrder" time="0.019"/>
  <testcase classname="utils.BaseUtil" name="@AfterSuite tearDown" time="0.0">
    <ignored/>
  </testcase> <!-- @AfterSuite tearDown -->
  <testcase classname="utils.BaseUtil" name="@BeforeSuite setup" time="0.0">
    <ignored/>
  </testcase> <!-- @BeforeSuite setup -->
  <testcase classname="utils.BaseUtil" name="@BeforeSuite setup" time="0.0">
    <ignored/>
  </testcase> <!-- @BeforeSuite setup -->
  <testcase classname="utils.BaseUtil" name="@AfterSuite tearDown" time="0.0">
    <ignored/>
  </testcase> <!-- @AfterSuite tearDown -->
</testsuite> <!-- Aspire Challenge Tests -->
