<?xml version="1.0" encoding="UTF-8"?>
<!-- Generated by org.testng.reporters.JUnitXMLReporter -->
<testsuite ignored="4" hostname="LT-GZHXL63" failures="0" tests="13" name="Test" time="29.464" errors="0" timestamp="2022-04-24T12:26:23 IST">
  <testcase classname="tests.TC_01_Login" name="performLogin" time="3.312"/>
  <testcase classname="tests.TC_01_Login" name="verifyLogin" time="10.1"/>
  <testcase classname="tests.TC_02_Product" name="navigateToInventory" time="0.07"/>
  <testcase classname="tests.TC_02_Product" name="navigateToProduct" time="1.746"/>
  <testcase classname="tests.TC_02_Product" name="clickCreate" time="3.374"/>
  <testcase classname="tests.TC_02_Product" name="createProduct" time="1.405"/>
  <testcase classname="tests.TC_02_Product" name="updateQuantity" time="1.988"/>
  <testcase classname="tests.TC_03_Manufacturing" name="navigateToManufacturing" time="0.165"/>
  <testcase classname="tests.TC_03_Manufacturing" name="clickCreate" time="2.121"/>
  <testcase classname="tests.TC_03_Manufacturing" name="createManufacturingOrder" time="1.805"/>
  <testcase classname="tests.TC_03_Manufacturing" name="markOrderAsDone" time="2.127"/>
  <testcase classname="tests.TC_03_Manufacturing" name="verifyDoneStatus" time="1.142"/>
  <testcase classname="tests.TC_03_Manufacturing" name="verifyCreatedOrder" time="0.038"/>
  <testcase classname="utils.BaseUtil" name="@AfterSuite tearDown" time="0.0">
    <ignored/>
  </testcase> <!-- @AfterSuite tearDown -->
  <testcase classname="utils.BaseUtil" name="@BeforeSuite setup" time="0.0">
    <ignored/>
  </testcase> <!-- @BeforeSuite setup -->
  <testcase classname="utils.BaseUtil" name="@BeforeSuite setup" time="0.0">
    <ignored/>
  </testcase> <!-- @BeforeSuite setup -->
  <testcase classname="utils.BaseUtil" name="@AfterSuite tearDown" time="0.0">
    <ignored/>
  </testcase> <!-- @AfterSuite tearDown -->
</testsuite> <!-- Test -->
