<?xml version="1.0" encoding="UTF-8"?>
<testng-results ignored="4" total="17" passed="13" failed="0" skipped="0">
  <reporter-output>
    <line>
      <![CDATA[performLogin - Test Started.]]>
    </line>
    <line>
      <![CDATA[performLogin - Test Success.]]>
    </line>
    <line>
      <![CDATA[verifyLogin - Test Started.]]>
    </line>
    <line>
      <![CDATA[verifyLogin - Test Success.]]>
    </line>
    <line>
      <![CDATA[navigateToInventory - Test Started.]]>
    </line>
    <line>
      <![CDATA[navigateToInventory - Test Success.]]>
    </line>
    <line>
      <![CDATA[navigateToProduct - Test Started.]]>
    </line>
    <line>
      <![CDATA[navigateToProduct - Test Success.]]>
    </line>
    <line>
      <![CDATA[clickCreate - Test Started.]]>
    </line>
    <line>
      <![CDATA[clickCreate - Test Success.]]>
    </line>
    <line>
      <![CDATA[createProduct - Test Started.]]>
    </line>
    <line>
      <![CDATA[createProduct - Test Success.]]>
    </line>
    <line>
      <![CDATA[updateQuantity - Test Started.]]>
    </line>
    <line>
      <![CDATA[updateQuantity - Test Success.]]>
    </line>
    <line>
      <![CDATA[navigateToManufacturing - Test Started.]]>
    </line>
    <line>
      <![CDATA[navigateToManufacturing - Test Success.]]>
    </line>
    <line>
      <![CDATA[clickCreate - Test Started.]]>
    </line>
    <line>
      <![CDATA[clickCreate - Test Success.]]>
    </line>
    <line>
      <![CDATA[createManufacturingOrder - Test Started.]]>
    </line>
    <line>
      <![CDATA[createManufacturingOrder - Test Success.]]>
    </line>
    <line>
      <![CDATA[markOrderAsDone - Test Started.]]>
    </line>
    <line>
      <![CDATA[markOrderAsDone - Test Success.]]>
    </line>
    <line>
      <![CDATA[verifyDoneStatus - Test Started.]]>
    </line>
    <line>
      <![CDATA[verifyDoneStatus - Test Success.]]>
    </line>
    <line>
      <![CDATA[verifyCreatedOrder - Test Started.]]>
    </line>
    <line>
      <![CDATA[verifyCreatedOrder - Test Success.]]>
    </line>
  </reporter-output>
  <suite started-at="2022-04-25T10:24:03 IST" name="Aspire Challenge Suite" finished-at="2022-04-25T10:24:29 IST" duration-ms="26770">
    <groups>
      <group name="product">
        <method signature="TC_02_Product.navigateToInventory()[pri:1, instance:tests.TC_02_Product@738dc9b]" name="navigateToInventory" class="tests.TC_02_Product"/>
        <method signature="TC_02_Product.navigateToProduct()[pri:2, instance:tests.TC_02_Product@738dc9b]" name="navigateToProduct" class="tests.TC_02_Product"/>
        <method signature="TC_02_Product.clickCreate()[pri:3, instance:tests.TC_02_Product@738dc9b]" name="clickCreate" class="tests.TC_02_Product"/>
        <method signature="TC_02_Product.createProduct()[pri:4, instance:tests.TC_02_Product@738dc9b]" name="createProduct" class="tests.TC_02_Product"/>
        <method signature="TC_02_Product.updateQuantity()[pri:5, instance:tests.TC_02_Product@738dc9b]" name="updateQuantity" class="tests.TC_02_Product"/>
      </group> <!-- product -->
      <group name="manufacturing">
        <method signature="TC_03_Manufacturing.navigateToManufacturing()[pri:1, instance:tests.TC_03_Manufacturing@3c77d488]" name="navigateToManufacturing" class="tests.TC_03_Manufacturing"/>
        <method signature="TC_03_Manufacturing.clickCreate()[pri:2, instance:tests.TC_03_Manufacturing@3c77d488]" name="clickCreate" class="tests.TC_03_Manufacturing"/>
        <method signature="TC_03_Manufacturing.createManufacturingOrder()[pri:3, instance:tests.TC_03_Manufacturing@3c77d488]" name="createManufacturingOrder" class="tests.TC_03_Manufacturing"/>
        <method signature="TC_03_Manufacturing.markOrderAsDone()[pri:4, instance:tests.TC_03_Manufacturing@3c77d488]" name="markOrderAsDone" class="tests.TC_03_Manufacturing"/>
        <method signature="TC_03_Manufacturing.verifyDoneStatus()[pri:5, instance:tests.TC_03_Manufacturing@3c77d488]" name="verifyDoneStatus" class="tests.TC_03_Manufacturing"/>
        <method signature="TC_03_Manufacturing.verifyCreatedOrder()[pri:6, instance:tests.TC_03_Manufacturing@3c77d488]" name="verifyCreatedOrder" class="tests.TC_03_Manufacturing"/>
      </group> <!-- manufacturing -->
      <group name="login">
        <method signature="TC_01_Login.performLogin()[pri:1, instance:tests.TC_01_Login@1c7696c6]" name="performLogin" class="tests.TC_01_Login"/>
        <method signature="TC_01_Login.verifyLogin()[pri:2, instance:tests.TC_01_Login@1c7696c6]" name="verifyLogin" class="tests.TC_01_Login"/>
      </group> <!-- login -->
    </groups>
    <test started-at="2022-04-25T10:24:03 IST" name="Aspire Challenge Tests" finished-at="2022-04-25T10:24:29 IST" duration-ms="26770">
      <class name="tests.TC_01_Login">
        <test-method is-config="true" signature="setup()[pri:0, instance:tests.TC_01_Login@1c7696c6]" started-at="2022-04-25T10:23:59 IST" name="setup" finished-at="2022-04-25T10:24:03 IST" duration-ms="4174" status="PASS">
          <reporter-output>
          </reporter-output>
        </test-method> <!-- setup -->
        <test-method signature="performLogin()[pri:1, instance:tests.TC_01_Login@1c7696c6]" started-at="2022-04-25T10:24:03 IST" name="performLogin" finished-at="2022-04-25T10:24:05 IST" duration-ms="2205" status="PASS">
          <reporter-output>
            <line>
              <![CDATA[performLogin - Test Started.]]>
            </line>
            <line>
              <![CDATA[performLogin - Test Success.]]>
            </line>
          </reporter-output>
        </test-method> <!-- performLogin -->
        <test-method signature="verifyLogin()[pri:2, instance:tests.TC_01_Login@1c7696c6]" started-at="2022-04-25T10:24:05 IST" name="verifyLogin" finished-at="2022-04-25T10:24:15 IST" depends-on-methods="tests.TC_01_Login.performLogin" duration-ms="10072" status="PASS">
          <reporter-output>
            <line>
              <![CDATA[verifyLogin - Test Started.]]>
            </line>
            <line>
              <![CDATA[verifyLogin - Test Success.]]>
            </line>
          </reporter-output>
        </test-method> <!-- verifyLogin -->
        <test-method is-config="true" signature="tearDown()[pri:0, instance:tests.TC_01_Login@1c7696c6]" started-at="2022-04-25T10:24:29 IST" name="tearDown" finished-at="2022-04-25T10:24:30 IST" duration-ms="143" status="PASS">
          <reporter-output>
          </reporter-output>
        </test-method> <!-- tearDown -->
      </class> <!-- tests.TC_01_Login -->
      <class name="tests.TC_03_Manufacturing">
        <test-method signature="navigateToManufacturing()[pri:1, instance:tests.TC_03_Manufacturing@3c77d488]" started-at="2022-04-25T10:24:23 IST" name="navigateToManufacturing" depends-on-groups="product" finished-at="2022-04-25T10:24:23 IST" duration-ms="80" status="PASS">
          <reporter-output>
            <line>
              <![CDATA[navigateToManufacturing - Test Started.]]>
            </line>
            <line>
              <![CDATA[navigateToManufacturing - Test Success.]]>
            </line>
          </reporter-output>
        </test-method> <!-- navigateToManufacturing -->
        <test-method signature="clickCreate()[pri:2, instance:tests.TC_03_Manufacturing@3c77d488]" started-at="2022-04-25T10:24:23 IST" name="clickCreate" depends-on-groups="product" finished-at="2022-04-25T10:24:24 IST" duration-ms="1737" status="PASS">
          <reporter-output>
            <line>
              <![CDATA[clickCreate - Test Started.]]>
            </line>
            <line>
              <![CDATA[clickCreate - Test Success.]]>
            </line>
          </reporter-output>
        </test-method> <!-- clickCreate -->
        <test-method signature="createManufacturingOrder()[pri:3, instance:tests.TC_03_Manufacturing@3c77d488]" started-at="2022-04-25T10:24:24 IST" name="createManufacturingOrder" depends-on-groups="product" finished-at="2022-04-25T10:24:27 IST" duration-ms="2144" status="PASS">
          <reporter-output>
            <line>
              <![CDATA[createManufacturingOrder - Test Started.]]>
            </line>
            <line>
              <![CDATA[createManufacturingOrder - Test Success.]]>
            </line>
          </reporter-output>
        </test-method> <!-- createManufacturingOrder -->
        <test-method signature="markOrderAsDone()[pri:4, instance:tests.TC_03_Manufacturing@3c77d488]" started-at="2022-04-25T10:24:27 IST" name="markOrderAsDone" depends-on-groups="product" finished-at="2022-04-25T10:24:28 IST" duration-ms="1877" status="PASS">
          <reporter-output>
            <line>
              <![CDATA[markOrderAsDone - Test Started.]]>
            </line>
            <line>
              <![CDATA[markOrderAsDone - Test Success.]]>
            </line>
          </reporter-output>
        </test-method> <!-- markOrderAsDone -->
        <test-method signature="verifyDoneStatus()[pri:5, instance:tests.TC_03_Manufacturing@3c77d488]" started-at="2022-04-25T10:24:28 IST" name="verifyDoneStatus" depends-on-groups="product" finished-at="2022-04-25T10:24:29 IST" duration-ms="1014" status="PASS">
          <reporter-output>
            <line>
              <![CDATA[verifyDoneStatus - Test Started.]]>
            </line>
            <line>
              <![CDATA[verifyDoneStatus - Test Success.]]>
            </line>
          </reporter-output>
        </test-method> <!-- verifyDoneStatus -->
        <test-method signature="verifyCreatedOrder()[pri:6, instance:tests.TC_03_Manufacturing@3c77d488]" started-at="2022-04-25T10:24:29 IST" name="verifyCreatedOrder" depends-on-groups="product" finished-at="2022-04-25T10:24:29 IST" duration-ms="19" status="PASS">
          <reporter-output>
            <line>
              <![CDATA[verifyCreatedOrder - Test Started.]]>
            </line>
            <line>
              <![CDATA[verifyCreatedOrder - Test Success.]]>
            </line>
          </reporter-output>
        </test-method> <!-- verifyCreatedOrder -->
      </class> <!-- tests.TC_03_Manufacturing -->
      <class name="tests.TC_02_Product">
        <test-method signature="navigateToInventory()[pri:1, instance:tests.TC_02_Product@738dc9b]" started-at="2022-04-25T10:24:15 IST" name="navigateToInventory" depends-on-groups="login" finished-at="2022-04-25T10:24:15 IST" duration-ms="45" status="PASS">
          <reporter-output>
            <line>
              <![CDATA[navigateToInventory - Test Started.]]>
            </line>
            <line>
              <![CDATA[navigateToInventory - Test Success.]]>
            </line>
          </reporter-output>
        </test-method> <!-- navigateToInventory -->
        <test-method signature="navigateToProduct()[pri:2, instance:tests.TC_02_Product@738dc9b]" started-at="2022-04-25T10:24:15 IST" name="navigateToProduct" finished-at="2022-04-25T10:24:17 IST" depends-on-methods="tests.TC_02_Product.navigateToInventory" duration-ms="1475" status="PASS">
          <reporter-output>
            <line>
              <![CDATA[navigateToProduct - Test Started.]]>
            </line>
            <line>
              <![CDATA[navigateToProduct - Test Success.]]>
            </line>
          </reporter-output>
        </test-method> <!-- navigateToProduct -->
        <test-method signature="clickCreate()[pri:3, instance:tests.TC_02_Product@738dc9b]" started-at="2022-04-25T10:24:17 IST" name="clickCreate" finished-at="2022-04-25T10:24:20 IST" depends-on-methods="tests.TC_02_Product.navigateToProduct" duration-ms="3084" status="PASS">
          <reporter-output>
            <line>
              <![CDATA[clickCreate - Test Started.]]>
            </line>
            <line>
              <![CDATA[clickCreate - Test Success.]]>
            </line>
          </reporter-output>
        </test-method> <!-- clickCreate -->
        <test-method signature="createProduct()[pri:4, instance:tests.TC_02_Product@738dc9b]" started-at="2022-04-25T10:24:20 IST" name="createProduct" finished-at="2022-04-25T10:24:21 IST" depends-on-methods="tests.TC_02_Product.clickCreate" duration-ms="1332" status="PASS">
          <reporter-output>
            <line>
              <![CDATA[createProduct - Test Started.]]>
            </line>
            <line>
              <![CDATA[createProduct - Test Success.]]>
            </line>
          </reporter-output>
        </test-method> <!-- createProduct -->
        <test-method signature="updateQuantity()[pri:5, instance:tests.TC_02_Product@738dc9b]" started-at="2022-04-25T10:24:21 IST" name="updateQuantity" finished-at="2022-04-25T10:24:23 IST" depends-on-methods="tests.TC_02_Product.createProduct" duration-ms="1644" status="PASS">
          <reporter-output>
            <line>
              <![CDATA[updateQuantity - Test Started.]]>
            </line>
            <line>
              <![CDATA[updateQuantity - Test Success.]]>
            </line>
          </reporter-output>
        </test-method> <!-- updateQuantity -->
      </class> <!-- tests.TC_02_Product -->
    </test> <!-- Aspire Challenge Tests -->
  </suite> <!-- Aspire Challenge Suite -->
</testng-results>
